"5/12/2026 7:12:11 PM","4624","Microsoft-Windows-Security-Auditing","An account was successfully logged on.

Subject:
	Security ID:		S-1-5-18
	Account Name:		DESKTOP-5C8KQ21$
	Account Domain:		WORKGROUP
	Logon ID:		0x3E7

Logon Information:
	Logon Type:		5
	Restricted Admin Mode:	-
	Remote Credential Guard:	-
	Virtual Account:		No
	Elevated Token:		Yes

Impersonation Level:		Impersonation

New Logon:
	Security ID:		S-1-5-18
	Account Name:		SYSTEM
	Account Domain:		NT AUTHORITY
	Logon ID:		0x3E7
	Linked Logon ID:		0x0
	Network Account Name:	-
	Network Account Domain:	-
	Logon GUID:		{00000000-0000-0000-0000-000000000000}

Process Information:
	Process ID:		0x4b8
	Process Name:		C:\Windows\System32\services.exe

Network Information:
	Workstation Name:	-
	Source Network Address:	-
	Source Port:		-

Detailed Authentication Information:
	Logon Process:		Advapi  
	Authentication Package:	Negotiate
	Transited Services:	-
	Package Name (NTLM only):	-
	Key Length:		0

This event is generated when a logon session is created. It is generated on the computer that was accessed.

The subject fields indicate the account on the local system which requested the logon. This is most commonly a service such as the Server service, or a local process such as Winlogon.exe or Services.exe.

The logon type field indicates the kind of logon that occurred. The most common types are 2 (interactive) and 3 (network).

The New Logon fields indicate the account for whom the new logon was created, i.e. the account that was logged on.

The network fields indicate where a remote logon request originated. Workstation name is not always available and may be left blank in some cases.

The impersonation level field indicates the extent to which a process in the logon session can impersonate.

The authentication information fields provide detailed information about this specific logon request.
	- Logon GUID is a unique identifier that can be used to correlate this event with a KDC event.
	- Transited services indicate which intermediate services have participated in this logon request.
	- Package name indicates which sub-protocol was used among the NTLM protocols.
	- Key length indicates the length of the generated session key. This will be 0 if no session key was requested."
"5/12/2026 7:12:08 PM","5379","Microsoft-Windows-Security-Auditing","Credential Manager credentials were read.

Subject:
	Security ID:		S-1-5-21-3925228398-2959666068-2961939966-1000
	Account Name:		Owner
	Account Domain:		DESKTOP-5C8KQ21
	Logon ID:		0x48C83
	Read Operation:		Enumerate Credentials

This event occurs when a user performs a read operation on stored credentials in Credential Manager."
"5/12/2026 7:12:08 PM","5379","Microsoft-Windows-Security-Auditing","Credential Manager credentials were read.

Subject:
	Security ID:		S-1-5-21-3925228398-2959666068-2961939966-1000
	Account Name:		Owner
	Account Domain:		DESKTOP-5C8KQ21
	Logon ID:		0x48C83
	Read Operation:		Enumerate Credentials

This event occurs when a user performs a read operation on stored credentials in Credential Manager."
"5/12/2026 7:12:08 PM","5379","Microsoft-Windows-Security-Auditing","Credential Manager credentials were read.

Subject:
	Security ID:		S-1-5-21-3925228398-2959666068-2961939966-1000
	Account Name:		Owner
	Account Domain:		DESKTOP-5C8KQ21
	Logon ID:		0x48C83
	Read Operation:		Enumerate Credentials

This event occurs when a user performs a read operation on stored credentials in Credential Manager."
"5/12/2026 7:12:08 PM","5379","Microsoft-Windows-Security-Auditing","Credential Manager credentials were read.

Subject:
	Security ID:		S-1-5-21-3925228398-2959666068-2961939966-1000
	Account Name:		Owner
	Account Domain:		DESKTOP-5C8KQ21
	Logon ID:		0x48C83
	Read Operation:		Enumerate Credentials

This event occurs when a user performs a read operation on stored credentials in Credential Manager."
"5/12/2026 7:12:08 PM","5379","Microsoft-Windows-Security-Auditing","Credential Manager credentials were read.

Subject:
	Security ID:		S-1-5-21-3925228398-2959666068-2961939966-1000
	Account Name:		Owner
	Account Domain:		DESKTOP-5C8KQ21
	Logon ID:		0x48C83
	Read Operation:		Enumerate Credentials

This event occurs when a user performs a read operation on stored credentials in Credential Manager."
"5/12/2026 7:12:08 PM","5379","Microsoft-Windows-Security-Auditing","Credential Manager credentials were read.

Subject:
	Security ID:		S-1-5-21-3925228398-2959666068-2961939966-1000
	Account Name:		Owner
	Account Domain:		DESKTOP-5C8KQ21
	Logon ID:		0x48C83
	Read Operation:		Enumerate Credentials

This event occurs when a user performs a read operation on stored credentials in Credential Manager."
"5/12/2026 7:12:08 PM","5379","Microsoft-Windows-Security-Auditing","Credential Manager credentials were read.

Subject:
	Security ID:		S-1-5-21-3925228398-2959666068-2961939966-1000
	Account Name:		Owner
	Account Domain:		DESKTOP-5C8KQ21
	Logon ID:		0x48C83
	Read Operation:		Enumerate Credentials

This event occurs when a user performs a read operation on stored credentials in Credential Manager."
"5/12/2026 7:12:08 PM","5379","Microsoft-Windows-Security-Auditing","Credential Manager credentials were read.

Subject:
	Security ID:		S-1-5-21-3925228398-2959666068-2961939966-1000
	Account Name:		Owner
	Account Domain:		DESKTOP-5C8KQ21
	Logon ID:		0x48C83
	Read Operation:		Enumerate Credentials

This event occurs when a user performs a read operation on stored credentials in Credential Manager."
"5/12/2026 7:12:08 PM","5379","Microsoft-Windows-Security-Auditing","Credential Manager credentials were read.

Subject:
	Security ID:		S-1-5-21-3925228398-2959666068-2961939966-1000
	Account Name:		Owner
	Account Domain:		DESKTOP-5C8KQ21
	Logon ID:		0x48C83
	Read Operation:		Enumerate Credentials

This event occurs when a user performs a read operation on stored credentials in Credential Manager."
"5/12/2026 7:12:08 PM","5379","Microsoft-Windows-Security-Auditing","Credential Manager credentials were read.

Subject:
	Security ID:		S-1-5-21-3925228398-2959666068-2961939966-1000
	Account Name:		Owner
	Account Domain:		DESKTOP-5C8KQ21
	Logon ID:		0x48C83
	Read Operation:		Enumerate Credentials

This event occurs when a user performs a read operation on stored credentials in Credential Manager."
"5/12/2026 7:12:08 PM","5379","Microsoft-Windows-Security-Auditing","Credential Manager credentials were read.

Subject:
	Security ID:		S-1-5-21-3925228398-2959666068-2961939966-1000
	Account Name:		Owner
	Account Domain:		DESKTOP-5C8KQ21
	Logon ID:		0x48C83
	Read Operation:		Enumerate Credentials

This event occurs when a user performs a read operation on stored credentials in Credential Manager."
"5/12/2026 7:12:08 PM","5379","Microsoft-Windows-Security-Auditing","Credential Manager credentials were read.

Subject:
	Security ID:		S-1-5-21-3925228398-2959666068-2961939966-1000
	Account Name:		Owner
	Account Domain:		DESKTOP-5C8KQ21
	Logon ID:		0x48C83
	Read Operation:		Enumerate Credentials

This event occurs when a user performs a read operation on stored credentials in Credential Manager."
"5/12/2026 7:12:08 PM","5379","Microsoft-Windows-Security-Auditing","Credential Manager credentials were read.

Subject:
	Security ID:		S-1-5-21-3925228398-2959666068-2961939966-1000
	Account Name:		Owner
	Account Domain:		DESKTOP-5C8KQ21
	Logon ID:		0x48C83
	Read Operation:		Enumerate Credentials

This event occurs when a user performs a read operation on stored credentials in Credential Manager."
"5/12/2026 7:12:08 PM","5379","Microsoft-Windows-Security-Auditing","Credential Manager credentials were read.

Subject:
	Security ID:		S-1-5-21-3925228398-2959666068-2961939966-1000
	Account Name:		Owner
	Account Domain:		DESKTOP-5C8KQ21
	Logon ID:		0x48C83
	Read Operation:		Enumerate Credentials

This event occurs when a user performs a read operation on stored credentials in Credential Manager."
"5/12/2026 7:12:08 PM","5379","Microsoft-Windows-Security-Auditing","Credential Manager credentials were read.

Subject:
	Security ID:		S-1-5-21-3925228398-2959666068-2961939966-1000
	Account Name:		Owner
	Account Domain:		DESKTOP-5C8KQ21
	Logon ID:		0x48C83
	Read Operation:		Enumerate Credentials

This event occurs when a user performs a read operation on stored credentials in Credential Manager."
"5/12/2026 7:12:08 PM","5379","Microsoft-Windows-Security-Auditing","Credential Manager credentials were read.

Subject:
	Security ID:		S-1-5-21-3925228398-2959666068-2961939966-1000
	Account Name:		Owner
	Account Domain:		DESKTOP-5C8KQ21
	Logon ID:		0x48C83
	Read Operation:		Enumerate Credentials

This event occurs when a user performs a read operation on stored credentials in Credential Manager."
"5/12/2026 7:12:08 PM","5379","Microsoft-Windows-Security-Auditing","Credential Manager credentials were read.

Subject:
	Security ID:		S-1-5-21-3925228398-2959666068-2961939966-1000
	Account Name:		Owner
	Account Domain:		DESKTOP-5C8KQ21
	Logon ID:		0x48C83
	Read Operation:		Enumerate Credentials

This event occurs when a user performs a read operation on stored credentials in Credential Manager."
"5/12/2026 7:12:08 PM","5379","Microsoft-Windows-Security-Auditing","Credential Manager credentials were read.

Subject:
	Security ID:		S-1-5-21-3925228398-2959666068-2961939966-1000
	Account Name:		Owner
	Account Domain:		DESKTOP-5C8KQ21
	Logon ID:		0x48C83
	Read Operation:		Enumerate Credentials

This event occurs when a user performs a read operation on stored credentials in Credential Manager."
"5/12/2026 7:12:08 PM","5379","Microsoft-Windows-Security-Auditing","Credential Manager credentials were read.

Subject:
	Security ID:		S-1-5-21-3925228398-2959666068-2961939966-1000
	Account Name:		Owner
	Account Domain:		DESKTOP-5C8KQ21
	Logon ID:		0x48C83
	Read Operation:		Enumerate Credentials

This event occurs when a user performs a read operation on stored credentials in Credential Manager."
"5/12/2026 7:12:08 PM","5379","Microsoft-Windows-Security-Auditing","Credential Manager credentials were read.

Subject:
	Security ID:		S-1-5-21-3925228398-2959666068-2961939966-1000
	Account Name:		Owner
	Account Domain:		DESKTOP-5C8KQ21
	Logon ID:		0x48C83
	Read Operation:		Enumerate Credentials

This event occurs when a user performs a read operation on stored credentials in Credential Manager."
"5/12/2026 7:12:08 PM","5379","Microsoft-Windows-Security-Auditing","Credential Manager credentials were read.

Subject:
	Security ID:		S-1-5-21-3925228398-2959666068-2961939966-1000
	Account Name:		Owner
	Account Domain:		DESKTOP-5C8KQ21
	Logon ID:		0x48C83
	Read Operation:		Enumerate Credentials

This event occurs when a user performs a read operation on stored credentials in Credential Manager."
"5/12/2026 7:12:04 PM","5379","Microsoft-Windows-Security-Auditing","Credential Manager credentials were read.

Subject:
	Security ID:		S-1-5-21-3925228398-2959666068-2961939966-1000
	Account Name:		Owner
	Account Domain:		DESKTOP-5C8KQ21
	Logon ID:		0x48C83
	Read Operation:		Enumerate Credentials

This event occurs when a user performs a read operation on stored credentials in Credential Manager."
"5/12/2026 7:12:04 PM","5379","Microsoft-Windows-Security-Auditing","Credential Manager credentials were read.

Subject:
	Security ID:		S-1-5-21-3925228398-2959666068-2961939966-1000
	Account Name:		Owner
	Account Domain:		DESKTOP-5C8KQ21
	Logon ID:		0x48C83
	Read Operation:		Enumerate Credentials

This event occurs when a user performs a read operation on stored credentials in Credential Manager."
"5/12/2026 7:12:04 PM","5379","Microsoft-Windows-Security-Auditing","Credential Manager credentials were read.

Subject:
	Security ID:		S-1-5-21-3925228398-2959666068-2961939966-1000
	Account Name:		Owner
	Account Domain:		DESKTOP-5C8KQ21
	Logon ID:		0x48C83
	Read Operation:		Enumerate Credentials

This event occurs when a user performs a read operation on stored credentials in Credential Manager."
"5/12/2026 7:12:04 PM","5379","Microsoft-Windows-Security-Auditing","Credential Manager credentials were read.

Subject:
	Security ID:		S-1-5-21-3925228398-2959666068-2961939966-1000
	Account Name:		Owner
	Account Domain:		DESKTOP-5C8KQ21
	Logon ID:		0x48C83
	Read Operation:		Enumerate Credentials

This event occurs when a user performs a read operation on stored credentials in Credential Manager."
"5/12/2026 7:12:04 PM","5379","Microsoft-Windows-Security-Auditing","Credential Manager credentials were read.

Subject:
	Security ID:		S-1-5-21-3925228398-2959666068-2961939966-1000
	Account Name:		Owner
	Account Domain:		DESKTOP-5C8KQ21
	Logon ID:		0x48C83
	Read Operation:		Enumerate Credentials

This event occurs when a user performs a read operation on stored credentials in Credential Manager."
"5/12/2026 7:12:04 PM","5379","Microsoft-Windows-Security-Auditing","Credential Manager credentials were read.

Subject:
	Security ID:		S-1-5-21-3925228398-2959666068-2961939966-1000
	Account Name:		Owner
	Account Domain:		DESKTOP-5C8KQ21
	Logon ID:		0x48C83
	Read Operation:		Enumerate Credentials

This event occurs when a user performs a read operation on stored credentials in Credential Manager."
"5/12/2026 7:12:04 PM","5379","Microsoft-Windows-Security-Auditing","Credential Manager credentials were read.

Subject:
	Security ID:		S-1-5-21-3925228398-2959666068-2961939966-1000
	Account Name:		Owner
	Account Domain:		DESKTOP-5C8KQ21
	Logon ID:		0x48C83
	Read Operation:		Enumerate Credentials

This event occurs when a user performs a read operation on stored credentials in Credential Manager."
"5/12/2026 7:12:04 PM","5379","Microsoft-Windows-Security-Auditing","Credential Manager credentials were read.

Subject:
	Security ID:		S-1-5-21-3925228398-2959666068-2961939966-1000
	Account Name:		Owner
	Account Domain:		DESKTOP-5C8KQ21
	Logon ID:		0x48C83
	Read Operation:		Enumerate Credentials

This event occurs when a user performs a read operation on stored credentials in Credential Manager."
"5/12/2026 7:12:04 PM","5379","Microsoft-Windows-Security-Auditing","Credential Manager credentials were read.

Subject:
	Security ID:		S-1-5-21-3925228398-2959666068-2961939966-1000
	Account Name:		Owner
	Account Domain:		DESKTOP-5C8KQ21
	Logon ID:		0x48C83
	Read Operation:		Enumerate Credentials

This event occurs when a user performs a read operation on stored credentials in Credential Manager."
"5/12/2026 7:12:04 PM","5379","Microsoft-Windows-Security-Auditing","Credential Manager credentials were read.

Subject:
	Security ID:		S-1-5-21-3925228398-2959666068-2961939966-1000
	Account Name:		Owner
	Account Domain:		DESKTOP-5C8KQ21
	Logon ID:		0x48C83
	Read Operation:		Enumerate Credentials

This event occurs when a user performs a read operation on stored credentials in Credential Manager."
"5/12/2026 7:12:04 PM","5379","Microsoft-Windows-Security-Auditing","Credential Manager credentials were read.

Subject:
	Security ID:		S-1-5-21-3925228398-2959666068-2961939966-1000
	Account Name:		Owner
	Account Domain:		DESKTOP-5C8KQ21
	Logon ID:		0x48C83
	Read Operation:		Enumerate Credentials

This event occurs when a user performs a read operation on stored credentials in Credential Manager."
"5/12/2026 7:12:04 PM","5379","Microsoft-Windows-Security-Auditing","Credential Manager credentials were read.

Subject:
	Security ID:		S-1-5-21-3925228398-2959666068-2961939966-1000
	Account Name:		Owner
	Account Domain:		DESKTOP-5C8KQ21
	Logon ID:		0x48C83
	Read Operation:		Enumerate Credentials

This event occurs when a user performs a read operation on stored credentials in Credential Manager."
"5/12/2026 7:12:04 PM","5379","Microsoft-Windows-Security-Auditing","Credential Manager credentials were read.

Subject:
	Security ID:		S-1-5-21-3925228398-2959666068-2961939966-1000
	Account Name:		Owner
	Account Domain:		DESKTOP-5C8KQ21
	Logon ID:		0x48C83
	Read Operation:		Enumerate Credentials

This event occurs when a user performs a read operation on stored credentials in Credential Manager."
"5/12/2026 7:12:04 PM","5379","Microsoft-Windows-Security-Auditing","Credential Manager credentials were read.

Subject:
	Security ID:		S-1-5-21-3925228398-2959666068-2961939966-1000
	Account Name:		Owner
	Account Domain:		DESKTOP-5C8KQ21
	Logon ID:		0x48C83
	Read Operation:		Enumerate Credentials

This event occurs when a user performs a read operation on stored credentials in Credential Manager."
"5/12/2026 7:12:04 PM","5379","Microsoft-Windows-Security-Auditing","Credential Manager credentials were read.

Subject:
	Security ID:		S-1-5-21-3925228398-2959666068-2961939966-1000
	Account Name:		Owner
	Account Domain:		DESKTOP-5C8KQ21
	Logon ID:		0x48C83
	Read Operation:		Enumerate Credentials

This event occurs when a user performs a read operation on stored credentials in Credential Manager."
"5/12/2026 7:12:04 PM","5379","Microsoft-Windows-Security-Auditing","Credential Manager credentials were read.

Subject:
	Security ID:		S-1-5-21-3925228398-2959666068-2961939966-1000
	Account Name:		Owner
	Account Domain:		DESKTOP-5C8KQ21
	Logon ID:		0x48C83
	Read Operation:		Enumerate Credentials

This event occurs when a user performs a read operation on stored credentials in Credential Manager."
"5/12/2026 7:12:04 PM","5379","Microsoft-Windows-Security-Auditing","Credential Manager credentials were read.

Subject:
	Security ID:		S-1-5-21-3925228398-2959666068-2961939966-1000
	Account Name:		Owner
	Account Domain:		DESKTOP-5C8KQ21
	Logon ID:		0x48C83
	Read Operation:		Enumerate Credentials

This event occurs when a user performs a read operation on stored credentials in Credential Manager."
"5/12/2026 7:12:04 PM","5379","Microsoft-Windows-Security-Auditing","Credential Manager credentials were read.

Subject:
	Security ID:		S-1-5-21-3925228398-2959666068-2961939966-1000
	Account Name:		Owner
	Account Domain:		DESKTOP-5C8KQ21
	Logon ID:		0x48C83
	Read Operation:		Enumerate Credentials

This event occurs when a user performs a read operation on stored credentials in Credential Manager."
"5/12/2026 7:12:04 PM","5379","Microsoft-Windows-Security-Auditing","Credential Manager credentials were read.

Subject:
	Security ID:		S-1-5-21-3925228398-2959666068-2961939966-1000
	Account Name:		Owner
	Account Domain:		DESKTOP-5C8KQ21
	Logon ID:		0x48C83
	Read Operation:		Enumerate Credentials

This event occurs when a user performs a read operation on stored credentials in Credential Manager."
"5/12/2026 7:12:04 PM","5379","Microsoft-Windows-Security-Auditing","Credential Manager credentials were read.

Subject:
	Security ID:		S-1-5-21-3925228398-2959666068-2961939966-1000
	Account Name:		Owner
	Account Domain:		DESKTOP-5C8KQ21
	Logon ID:		0x48C83
	Read Operation:		Enumerate Credentials

This event occurs when a user performs a read operation on stored credentials in Credential Manager."
"5/12/2026 7:12:04 PM","5379","Microsoft-Windows-Security-Auditing","Credential Manager credentials were read.

Subject:
	Security ID:		S-1-5-21-3925228398-2959666068-2961939966-1000
	Account Name:		Owner
	Account Domain:		DESKTOP-5C8KQ21
	Logon ID:		0x48C83
	Read Operation:		Enumerate Credentials

This event occurs when a user performs a read operation on stored credentials in Credential Manager."
"5/12/2026 7:12:04 PM","5379","Microsoft-Windows-Security-Auditing","Credential Manager credentials were read.

Subject:
	Security ID:		S-1-5-21-3925228398-2959666068-2961939966-1000
	Account Name:		Owner
	Account Domain:		DESKTOP-5C8KQ21
	Logon ID:		0x48C83
	Read Operation:		Enumerate Credentials

This event occurs when a user performs a read operation on stored credentials in Credential Manager."
"5/12/2026 7:12:04 PM","5379","Microsoft-Windows-Security-Auditing","Credential Manager credentials were read.

Subject:
	Security ID:		S-1-5-21-3925228398-2959666068-2961939966-1000
	Account Name:		Owner
	Account Domain:		DESKTOP-5C8KQ21
	Logon ID:		0x48C83
	Read Operation:		Enumerate Credentials

This event occurs when a user performs a read operation on stored credentials in Credential Manager."
"5/12/2026 7:12:04 PM","5379","Microsoft-Windows-Security-Auditing","Credential Manager credentials were read.

Subject:
	Security ID:		S-1-5-21-3925228398-2959666068-2961939966-1000
	Account Name:		Owner
	Account Domain:		DESKTOP-5C8KQ21
	Logon ID:		0x48C83
	Read Operation:		Enumerate Credentials

This event occurs when a user performs a read operation on stored credentials in Credential Manager."
"5/12/2026 7:12:04 PM","5379","Microsoft-Windows-Security-Auditing","Credential Manager credentials were read.

Subject:
	Security ID:		S-1-5-21-3925228398-2959666068-2961939966-1000
	Account Name:		Owner
	Account Domain:		DESKTOP-5C8KQ21
	Logon ID:		0x48C83
	Read Operation:		Enumerate Credentials

This event occurs when a user performs a read operation on stored credentials in Credential Manager."
"5/12/2026 7:12:04 PM","5379","Microsoft-Windows-Security-Auditing","Credential Manager credentials were read.

Subject:
	Security ID:		S-1-5-21-3925228398-2959666068-2961939966-1000
	Account Name:		Owner
	Account Domain:		DESKTOP-5C8KQ21
	Logon ID:		0x48C83
	Read Operation:		Enumerate Credentials

This event occurs when a user performs a read operation on stored credentials in Credential Manager."
"5/12/2026 7:12:04 PM","5379","Microsoft-Windows-Security-Auditing","Credential Manager credentials were read.

Subject:
	Security ID:		S-1-5-21-3925228398-2959666068-2961939966-1000
	Account Name:		Owner
	Account Domain:		DESKTOP-5C8KQ21
	Logon ID:		0x48C83
	Read Operation:		Enumerate Credentials

This event occurs when a user performs a read operation on stored credentials in Credential Manager."
"5/12/2026 7:12:04 PM","5379","Microsoft-Windows-Security-Auditing","Credential Manager credentials were read.

Subject:
	Security ID:		S-1-5-21-3925228398-2959666068-2961939966-1000
	Account Name:		Owner
	Account Domain:		DESKTOP-5C8KQ21
	Logon ID:		0x48C83
	Read Operation:		Enumerate Credentials

This event occurs when a user performs a read operation on stored credentials in Credential Manager."
"5/12/2026 7:12:04 PM","5379","Microsoft-Windows-Security-Auditing","Credential Manager credentials were read.

Subject:
	Security ID:		S-1-5-21-3925228398-2959666068-2961939966-1000
	Account Name:		Owner
	Account Domain:		DESKTOP-5C8KQ21
	Logon ID:		0x48C83
	Read Operation:		Enumerate Credentials

This event occurs when a user performs a read operation on stored credentials in Credential Manager."
"5/12/2026 7:12:04 PM","5379","Microsoft-Windows-Security-Auditing","Credential Manager credentials were read.

Subject:
	Security ID:		S-1-5-21-3925228398-2959666068-2961939966-1000
	Account Name:		Owner
	Account Domain:		DESKTOP-5C8KQ21
	Logon ID:		0x48C83
	Read Operation:		Enumerate Credentials

This event occurs when a user performs a read operation on stored credentials in Credential Manager."
"5/12/2026 7:12:04 PM","5379","Microsoft-Windows-Security-Auditing","Credential Manager credentials were read.

Subject:
	Security ID:		S-1-5-21-3925228398-2959666068-2961939966-1000
	Account Name:		Owner
	Account Domain:		DESKTOP-5C8KQ21
	Logon ID:		0x48C83
	Read Operation:		Enumerate Credentials

This event occurs when a user performs a read operation on stored credentials in Credential Manager."
"5/12/2026 7:12:04 PM","5379","Microsoft-Windows-Security-Auditing","Credential Manager credentials were read.

Subject:
	Security ID:		S-1-5-21-3925228398-2959666068-2961939966-1000
	Account Name:		Owner
	Account Domain:		DESKTOP-5C8KQ21
	Logon ID:		0x48C83
	Read Operation:		Enumerate Credentials

This event occurs when a user performs a read operation on stored credentials in Credential Manager."
"5/12/2026 7:12:04 PM","5379","Microsoft-Windows-Security-Auditing","Credential Manager credentials were read.

Subject:
	Security ID:		S-1-5-21-3925228398-2959666068-2961939966-1000
	Account Name:		Owner
	Account Domain:		DESKTOP-5C8KQ21
	Logon ID:		0x48C83
	Read Operation:		Enumerate Credentials

This event occurs when a user performs a read operation on stored credentials in Credential Manager."
"5/12/2026 7:12:04 PM","5379","Microsoft-Windows-Security-Auditing","Credential Manager credentials were read.

Subject:
	Security ID:		S-1-5-21-3925228398-2959666068-2961939966-1000
	Account Name:		Owner
	Account Domain:		DESKTOP-5C8KQ21
	Logon ID:		0x48C83
	Read Operation:		Enumerate Credentials

This event occurs when a user performs a read operation on stored credentials in Credential Manager."
"5/12/2026 7:12:04 PM","5379","Microsoft-Windows-Security-Auditing","Credential Manager credentials were read.

Subject:
	Security ID:		S-1-5-21-3925228398-2959666068-2961939966-1000
	Account Name:		Owner
	Account Domain:		DESKTOP-5C8KQ21
	Logon ID:		0x48C83
	Read Operation:		Enumerate Credentials

This event occurs when a user performs a read operation on stored credentials in Credential Manager."
"5/12/2026 7:12:04 PM","5379","Microsoft-Windows-Security-Auditing","Credential Manager credentials were read.

Subject:
	Security ID:		S-1-5-21-3925228398-2959666068-2961939966-1000
	Account Name:		Owner
	Account Domain:		DESKTOP-5C8KQ21
	Logon ID:		0x48C83
	Read Operation:		Enumerate Credentials

This event occurs when a user performs a read operation on stored credentials in Credential Manager."
"5/12/2026 7:12:04 PM","5379","Microsoft-Windows-Security-Auditing","Credential Manager credentials were read.

Subject:
	Security ID:		S-1-5-21-3925228398-2959666068-2961939966-1000
	Account Name:		Owner
	Account Domain:		DESKTOP-5C8KQ21
	Logon ID:		0x48C83
	Read Operation:		Enumerate Credentials

This event occurs when a user performs a read operation on stored credentials in Credential Manager."
"5/12/2026 7:12:04 PM","4634","Microsoft-Windows-Security-Auditing","An account was logged off.

Subject:
	Security ID:		S-1-5-21-3925228398-2959666068-2961939966-1000
	Account Name:		Owner
	Account Domain:		DESKTOP-5C8KQ21
	Logon ID:		0x3A72BF5

Logon Type:			2

This event is generated when a logon session is destroyed. It may be positively correlated with a logon event using the Logon ID value. Logon IDs are only unique between reboots on the same computer."
"5/12/2026 7:12:04 PM","4634","Microsoft-Windows-Security-Auditing","An account was logged off.

Subject:
	Security ID:		S-1-5-21-3925228398-2959666068-2961939966-1000
	Account Name:		Owner
	Account Domain:		DESKTOP-5C8KQ21
	Logon ID:		0x3A72C64

Logon Type:			2

This event is generated when a logon session is destroyed. It may be positively correlated with a logon event using the Logon ID value. Logon IDs are only unique between reboots on the same computer."
"5/12/2026 7:12:04 PM","4672","Microsoft-Windows-Security-Auditing","Special privileges assigned to new logon.

Subject:
	Security ID:		S-1-5-21-3925228398-2959666068-2961939966-1000
	Account Name:		Owner
	Account Domain:		DESKTOP-5C8KQ21
	Logon ID:		0x3A72BF5

Privileges:		SeSecurityPrivilege
			SeTakeOwnershipPrivilege
			SeLoadDriverPrivilege
			SeBackupPrivilege
			SeRestorePrivilege
			SeDebugPrivilege
			SeSystemEnvironmentPrivilege
			SeImpersonatePrivilege
			SeDelegateSessionUserImpersonatePrivilege"
"5/12/2026 7:12:04 PM","4624","Microsoft-Windows-Security-Auditing","An account was successfully logged on.

Subject:
	Security ID:		S-1-5-18
	Account Name:		DESKTOP-5C8KQ21$
	Account Domain:		WORKGROUP
	Logon ID:		0x3E7

Logon Information:
	Logon Type:		2
	Restricted Admin Mode:	-
	Remote Credential Guard:	-
	Virtual Account:		No
	Elevated Token:		No

Impersonation Level:		Impersonation

New Logon:
	Security ID:		S-1-5-21-3925228398-2959666068-2961939966-1000
	Account Name:		Owner
	Account Domain:		DESKTOP-5C8KQ21
	Logon ID:		0x3A72C64
	Linked Logon ID:		0x3A72BF5
	Network Account Name:	-
	Network Account Domain:	-
	Logon GUID:		{00000000-0000-0000-0000-000000000000}

Process Information:
	Process ID:		0x898
	Process Name:		C:\Windows\System32\svchost.exe

Network Information:
	Workstation Name:	DESKTOP-5C8KQ21
	Source Network Address:	127.0.0.1
	Source Port:		0

Detailed Authentication Information:
	Logon Process:		User32 
	Authentication Package:	Negotiate
	Transited Services:	-
	Package Name (NTLM only):	-
	Key Length:		0

This event is generated when a logon session is created. It is generated on the computer that was accessed.

The subject fields indicate the account on the local system which requested the logon. This is most commonly a service such as the Server service, or a local process such as Winlogon.exe or Services.exe.

The logon type field indicates the kind of logon that occurred. The most common types are 2 (interactive) and 3 (network).

The New Logon fields indicate the account for whom the new logon was created, i.e. the account that was logged on.

The network fields indicate where a remote logon request originated. Workstation name is not always available and may be left blank in some cases.

The impersonation level field indicates the extent to which a process in the logon session can impersonate.

The authentication information fields provide detailed information about this specific logon request.
	- Logon GUID is a unique identifier that can be used to correlate this event with a KDC event.
	- Transited services indicate which intermediate services have participated in this logon request.
	- Package name indicates which sub-protocol was used among the NTLM protocols.
	- Key length indicates the length of the generated session key. This will be 0 if no session key was requested."
"5/12/2026 7:12:04 PM","4624","Microsoft-Windows-Security-Auditing","An account was successfully logged on.

Subject:
	Security ID:		S-1-5-18
	Account Name:		DESKTOP-5C8KQ21$
	Account Domain:		WORKGROUP
	Logon ID:		0x3E7

Logon Information:
	Logon Type:		2
	Restricted Admin Mode:	-
	Remote Credential Guard:	-
	Virtual Account:		No
	Elevated Token:		Yes

Impersonation Level:		Impersonation

New Logon:
	Security ID:		S-1-5-21-3925228398-2959666068-2961939966-1000
	Account Name:		Owner
	Account Domain:		DESKTOP-5C8KQ21
	Logon ID:		0x3A72BF5
	Linked Logon ID:		0x3A72C64
	Network Account Name:	-
	Network Account Domain:	-
	Logon GUID:		{00000000-0000-0000-0000-000000000000}

Process Information:
	Process ID:		0x898
	Process Name:		C:\Windows\System32\svchost.exe

Network Information:
	Workstation Name:	DESKTOP-5C8KQ21
	Source Network Address:	127.0.0.1
	Source Port:		0

Detailed Authentication Information:
	Logon Process:		User32 
	Authentication Package:	Negotiate
	Transited Services:	-
	Package Name (NTLM only):	-
	Key Length:		0

This event is generated when a logon session is created. It is generated on the computer that was accessed.

The subject fields indicate the account on the local system which requested the logon. This is most commonly a service such as the Server service, or a local process such as Winlogon.exe or Services.exe.

The logon type field indicates the kind of logon that occurred. The most common types are 2 (interactive) and 3 (network).

The New Logon fields indicate the account for whom the new logon was created, i.e. the account that was logged on.

The network fields indicate where a remote logon request originated. Workstation name is not always available and may be left blank in some cases.

The impersonation level field indicates the extent to which a process in the logon session can impersonate.

The authentication information fields provide detailed information about this specific logon request.
	- Logon GUID is a unique identifier that can be used to correlate this event with a KDC event.
	- Transited services indicate which intermediate services have participated in this logon request.
	- Package name indicates which sub-protocol was used among the NTLM protocols.
	- Key length indicates the length of the generated session key. This will be 0 if no session key was requested."
"5/12/2026 7:12:04 PM","4648","Microsoft-Windows-Security-Auditing","A logon was attempted using explicit credentials.

Subject:
	Security ID:		S-1-5-18
	Account Name:		DESKTOP-5C8KQ21$
	Account Domain:		WORKGROUP
	Logon ID:		0x3E7
	Logon GUID:		{00000000-0000-0000-0000-000000000000}

Account Whose Credentials Were Used:
	Account Name:		Owner
	Account Domain:		DESKTOP-5C8KQ21
	Logon GUID:		{00000000-0000-0000-0000-000000000000}

Target Server:
	Target Server Name:	localhost
	Additional Information:	localhost

Process Information:
	Process ID:		0x898
	Process Name:		C:\Windows\System32\svchost.exe

Network Information:
	Network Address:	127.0.0.1
	Port:			0

This event is generated when a process attempts to log on an account by explicitly specifying that account?s credentials.  This most commonly occurs in batch-type configurations such as scheduled tasks, or when using the RUNAS command."
"5/12/2026 7:12:04 PM","5379","Microsoft-Windows-Security-Auditing","Credential Manager credentials were read.

Subject:
	Security ID:		S-1-5-21-3925228398-2959666068-2961939966-1000
	Account Name:		Owner
	Account Domain:		DESKTOP-5C8KQ21
	Logon ID:		0x48C83
	Read Operation:		Enumerate Credentials

This event occurs when a user performs a read operation on stored credentials in Credential Manager."
"5/12/2026 7:12:04 PM","4798","Microsoft-Windows-Security-Auditing","A user's local group membership was enumerated.

Subject:
	Security ID:		S-1-5-18
	Account Name:		DESKTOP-5C8KQ21$
	Account Domain:		WORKGROUP
	Logon ID:		0x3E7

User:
	Security ID:		S-1-5-21-3925228398-2959666068-2961939966-1000
	Account Name:		Owner
	Account Domain:		DESKTOP-5C8KQ21

Process Information:
	Process ID:		0x4ec
	Process Name:		C:\Windows\System32\lsass.exe"
"5/12/2026 7:12:04 PM","5379","Microsoft-Windows-Security-Auditing","Credential Manager credentials were read.

Subject:
	Security ID:		S-1-5-21-3925228398-2959666068-2961939966-1000
	Account Name:		Owner
	Account Domain:		DESKTOP-5C8KQ21
	Logon ID:		0x48C83
	Read Operation:		Enumerate Credentials

This event occurs when a user performs a read operation on stored credentials in Credential Manager."
"5/12/2026 7:12:04 PM","5379","Microsoft-Windows-Security-Auditing","Credential Manager credentials were read.

Subject:
	Security ID:		S-1-5-21-3925228398-2959666068-2961939966-1000
	Account Name:		Owner
	Account Domain:		DESKTOP-5C8KQ21
	Logon ID:		0x48C83
	Read Operation:		Enumerate Credentials

This event occurs when a user performs a read operation on stored credentials in Credential Manager."
"5/12/2026 7:12:04 PM","5379","Microsoft-Windows-Security-Auditing","Credential Manager credentials were read.

Subject:
	Security ID:		S-1-5-21-3925228398-2959666068-2961939966-1000
	Account Name:		Owner
	Account Domain:		DESKTOP-5C8KQ21
	Logon ID:		0x48C83
	Read Operation:		Enumerate Credentials

This event occurs when a user performs a read operation on stored credentials in Credential Manager."
"5/12/2026 7:12:04 PM","5379","Microsoft-Windows-Security-Auditing","Credential Manager credentials were read.

Subject:
	Security ID:		S-1-5-21-3925228398-2959666068-2961939966-1000
	Account Name:		Owner
	Account Domain:		DESKTOP-5C8KQ21
	Logon ID:		0x48C83
	Read Operation:		Enumerate Credentials

This event occurs when a user performs a read operation on stored credentials in Credential Manager."
"5/12/2026 7:12:01 PM","5379","Microsoft-Windows-Security-Auditing","Credential Manager credentials were read.

Subject:
	Security ID:		S-1-5-21-3925228398-2959666068-2961939966-1000
	Account Name:		Owner
	Account Domain:		DESKTOP-5C8KQ21
	Logon ID:		0x48C83
	Read Operation:		Enumerate Credentials

This event occurs when a user performs a read operation on stored credentials in Credential Manager."
"5/12/2026 7:12:01 PM","5379","Microsoft-Windows-Security-Auditing","Credential Manager credentials were read.

Subject:
	Security ID:		S-1-5-21-3925228398-2959666068-2961939966-1000
	Account Name:		Owner
	Account Domain:		DESKTOP-5C8KQ21
	Logon ID:		0x48C83
	Read Operation:		Enumerate Credentials

This event occurs when a user performs a read operation on stored credentials in Credential Manager."
"5/12/2026 7:12:01 PM","5379","Microsoft-Windows-Security-Auditing","Credential Manager credentials were read.

Subject:
	Security ID:		S-1-5-21-3925228398-2959666068-2961939966-1000
	Account Name:		Owner
	Account Domain:		DESKTOP-5C8KQ21
	Logon ID:		0x48C83
	Read Operation:		Enumerate Credentials

This event occurs when a user performs a read operation on stored credentials in Credential Manager."
"5/12/2026 7:12:01 PM","5379","Microsoft-Windows-Security-Auditing","Credential Manager credentials were read.

Subject:
	Security ID:		S-1-5-21-3925228398-2959666068-2961939966-1000
	Account Name:		Owner
	Account Domain:		DESKTOP-5C8KQ21
	Logon ID:		0x48C83
	Read Operation:		Enumerate Credentials

This event occurs when a user performs a read operation on stored credentials in Credential Manager."
"5/12/2026 7:12:01 PM","5379","Microsoft-Windows-Security-Auditing","Credential Manager credentials were read.

Subject:
	Security ID:		S-1-5-21-3925228398-2959666068-2961939966-1000
	Account Name:		Owner
	Account Domain:		DESKTOP-5C8KQ21
	Logon ID:		0x48C83
	Read Operation:		Enumerate Credentials

This event occurs when a user performs a read operation on stored credentials in Credential Manager."
"5/12/2026 7:12:01 PM","5379","Microsoft-Windows-Security-Auditing","Credential Manager credentials were read.

Subject:
	Security ID:		S-1-5-21-3925228398-2959666068-2961939966-1000
	Account Name:		Owner
	Account Domain:		DESKTOP-5C8KQ21
	Logon ID:		0x48C83
	Read Operation:		Enumerate Credentials

This event occurs when a user performs a read operation on stored credentials in Credential Manager."
"5/12/2026 7:12:01 PM","5379","Microsoft-Windows-Security-Auditing","Credential Manager credentials were read.

Subject:
	Security ID:		S-1-5-21-3925228398-2959666068-2961939966-1000
	Account Name:		Owner
	Account Domain:		DESKTOP-5C8KQ21
	Logon ID:		0x48C83
	Read Operation:		Enumerate Credentials

This event occurs when a user performs a read operation on stored credentials in Credential Manager."
"5/12/2026 7:12:01 PM","5379","Microsoft-Windows-Security-Auditing","Credential Manager credentials were read.

Subject:
	Security ID:		S-1-5-21-3925228398-2959666068-2961939966-1000
	Account Name:		Owner
	Account Domain:		DESKTOP-5C8KQ21
	Logon ID:		0x48C83
	Read Operation:		Enumerate Credentials

This event occurs when a user performs a read operation on stored credentials in Credential Manager."
"5/12/2026 7:12:01 PM","5379","Microsoft-Windows-Security-Auditing","Credential Manager credentials were read.

Subject:
	Security ID:		S-1-5-21-3925228398-2959666068-2961939966-1000
	Account Name:		Owner
	Account Domain:		DESKTOP-5C8KQ21
	Logon ID:		0x48C83
	Read Operation:		Enumerate Credentials

This event occurs when a user performs a read operation on stored credentials in Credential Manager."
"5/12/2026 7:12:01 PM","5379","Microsoft-Windows-Security-Auditing","Credential Manager credentials were read.

Subject:
	Security ID:		S-1-5-21-3925228398-2959666068-2961939966-1000
	Account Name:		Owner
	Account Domain:		DESKTOP-5C8KQ21
	Logon ID:		0x48C83
	Read Operation:		Enumerate Credentials

This event occurs when a user performs a read operation on stored credentials in Credential Manager."
"5/12/2026 7:12:01 PM","5379","Microsoft-Windows-Security-Auditing","Credential Manager credentials were read.

Subject:
	Security ID:		S-1-5-21-3925228398-2959666068-2961939966-1000
	Account Name:		Owner
	Account Domain:		DESKTOP-5C8KQ21
	Logon ID:		0x48C83
	Read Operation:		Enumerate Credentials

This event occurs when a user performs a read operation on stored credentials in Credential Manager."
"5/12/2026 7:12:01 PM","5379","Microsoft-Windows-Security-Auditing","Credential Manager credentials were read.

Subject:
	Security ID:		S-1-5-21-3925228398-2959666068-2961939966-1000
	Account Name:		Owner
	Account Domain:		DESKTOP-5C8KQ21
	Logon ID:		0x48C83
	Read Operation:		Enumerate Credentials

This event occurs when a user performs a read operation on stored credentials in Credential Manager."
"5/12/2026 7:12:01 PM","5379","Microsoft-Windows-Security-Auditing","Credential Manager credentials were read.

Subject:
	Security ID:		S-1-5-21-3925228398-2959666068-2961939966-1000
	Account Name:		Owner
	Account Domain:		DESKTOP-5C8KQ21
	Logon ID:		0x48C83
	Read Operation:		Enumerate Credentials

This event occurs when a user performs a read operation on stored credentials in Credential Manager."
"5/12/2026 7:12:01 PM","5379","Microsoft-Windows-Security-Auditing","Credential Manager credentials were read.

Subject:
	Security ID:		S-1-5-21-3925228398-2959666068-2961939966-1000
	Account Name:		Owner
	Account Domain:		DESKTOP-5C8KQ21
	Logon ID:		0x48C83
	Read Operation:		Enumerate Credentials

This event occurs when a user performs a read operation on stored credentials in Credential Manager."
"5/12/2026 7:12:01 PM","5379","Microsoft-Windows-Security-Auditing","Credential Manager credentials were read.

Subject:
	Security ID:		S-1-5-21-3925228398-2959666068-2961939966-1000
	Account Name:		Owner
	Account Domain:		DESKTOP-5C8KQ21
	Logon ID:		0x48C83
	Read Operation:		Enumerate Credentials

This event occurs when a user performs a read operation on stored credentials in Credential Manager."
"5/12/2026 7:12:01 PM","5379","Microsoft-Windows-Security-Auditing","Credential Manager credentials were read.

Subject:
	Security ID:		S-1-5-21-3925228398-2959666068-2961939966-1000
	Account Name:		Owner
	Account Domain:		DESKTOP-5C8KQ21
	Logon ID:		0x48C83
	Read Operation:		Enumerate Credentials

This event occurs when a user performs a read operation on stored credentials in Credential Manager."
"5/12/2026 7:12:01 PM","5379","Microsoft-Windows-Security-Auditing","Credential Manager credentials were read.

Subject:
	Security ID:		S-1-5-21-3925228398-2959666068-2961939966-1000
	Account Name:		Owner
	Account Domain:		DESKTOP-5C8KQ21
	Logon ID:		0x48C83
	Read Operation:		Enumerate Credentials

This event occurs when a user performs a read operation on stored credentials in Credential Manager."
"5/12/2026 7:12:01 PM","5379","Microsoft-Windows-Security-Auditing","Credential Manager credentials were read.

Subject:
	Security ID:		S-1-5-21-3925228398-2959666068-2961939966-1000
	Account Name:		Owner
	Account Domain:		DESKTOP-5C8KQ21
	Logon ID:		0x48C83
	Read Operation:		Enumerate Credentials

This event occurs when a user performs a read operation on stored credentials in Credential Manager."
"5/12/2026 7:12:01 PM","5379","Microsoft-Windows-Security-Auditing","Credential Manager credentials were read.

Subject:
	Security ID:		S-1-5-21-3925228398-2959666068-2961939966-1000
	Account Name:		Owner
	Account Domain:		DESKTOP-5C8KQ21
	Logon ID:		0x48C83
	Read Operation:		Enumerate Credentials

This event occurs when a user performs a read operation on stored credentials in Credential Manager."
"5/12/2026 7:12:01 PM","5379","Microsoft-Windows-Security-Auditing","Credential Manager credentials were read.

Subject:
	Security ID:		S-1-5-21-3925228398-2959666068-2961939966-1000
	Account Name:		Owner
	Account Domain:		DESKTOP-5C8KQ21
	Logon ID:		0x48C83
	Read Operation:		Enumerate Credentials

This event occurs when a user performs a read operation on stored credentials in Credential Manager."
"5/12/2026 7:12:01 PM","5379","Microsoft-Windows-Security-Auditing","Credential Manager credentials were read.

Subject:
	Security ID:		S-1-5-21-3925228398-2959666068-2961939966-1000
	Account Name:		Owner
	Account Domain:		DESKTOP-5C8KQ21
	Logon ID:		0x48C83
	Read Operation:		Enumerate Credentials

This event occurs when a user performs a read operation on stored credentials in Credential Manager."
"5/12/2026 7:12:00 PM","4672","Microsoft-Windows-Security-Auditing","Special privileges assigned to new logon.

Subject:
	Security ID:		S-1-5-18
	Account Name:		SYSTEM
	Account Domain:		NT AUTHORITY
	Logon ID:		0x3E7

Privileges:		SeAssignPrimaryTokenPrivilege
			SeTcbPrivilege
			SeSecurityPrivilege
			SeTakeOwnershipPrivilege
			SeLoadDriverPrivilege
			SeBackupPrivilege
			SeRestorePrivilege
			SeDebugPrivilege
			SeAuditPrivilege
			SeSystemEnvironmentPrivilege
			SeImpersonatePrivilege
			SeDelegateSessionUserImpersonatePrivilege"
"5/12/2026 7:12:00 PM","4624","Microsoft-Windows-Security-Auditing","An account was successfully logged on.

Subject:
	Security ID:		S-1-5-18
	Account Name:		DESKTOP-5C8KQ21$
	Account Domain:		WORKGROUP
	Logon ID:		0x3E7

Logon Information:
	Logon Type:		5
	Restricted Admin Mode:	-
	Remote Credential Guard:	-
	Virtual Account:		No
	Elevated Token:		Yes

Impersonation Level:		Impersonation

New Logon:
	Security ID:		S-1-5-18
	Account Name:		SYSTEM
	Account Domain:		NT AUTHORITY
	Logon ID:		0x3E7
	Linked Logon ID:		0x0
	Network Account Name:	-
	Network Account Domain:	-
	Logon GUID:		{00000000-0000-0000-0000-000000000000}

Process Information:
	Process ID:		0x4b8
	Process Name:		C:\Windows\System32\services.exe

Network Information:
	Workstation Name:	-
	Source Network Address:	-
	Source Port:		-

Detailed Authentication Information:
	Logon Process:		Advapi  
	Authentication Package:	Negotiate
	Transited Services:	-
	Package Name (NTLM only):	-
	Key Length:		0

This event is generated when a logon session is created. It is generated on the computer that was accessed.

The subject fields indicate the account on the local system which requested the logon. This is most commonly a service such as the Server service, or a local process such as Winlogon.exe or Services.exe.

The logon type field indicates the kind of logon that occurred. The most common types are 2 (interactive) and 3 (network).

The New Logon fields indicate the account for whom the new logon was created, i.e. the account that was logged on.

The network fields indicate where a remote logon request originated. Workstation name is not always available and may be left blank in some cases.

The impersonation level field indicates the extent to which a process in the logon session can impersonate.

The authentication information fields provide detailed information about this specific logon request.
	- Logon GUID is a unique identifier that can be used to correlate this event with a KDC event.
	- Transited services indicate which intermediate services have participated in this logon request.
	- Package name indicates which sub-protocol was used among the NTLM protocols.
	- Key length indicates the length of the generated session key. This will be 0 if no session key was requested."
"5/12/2026 7:11:59 PM","5058","Microsoft-Windows-Security-Auditing","Key file operation.

Subject:
	Security ID:		S-1-5-21-3925228398-2959666068-2961939966-1000
	Account Name:		Owner
	Account Domain:		DESKTOP-5C8KQ21
	Logon ID:		0x48C83

Process Information:
	Process ID:		4364
	Process Creation Time:	?2026?-?05?-?13T00:11:58.275938200Z

Cryptographic Parameters:
	Provider Name:	Microsoft Software Key Storage Provider
	Algorithm Name:	ECDSA_P256
	Key Name:	ChromeMetricsTestKey
	Key Type:	User key.

Key File Operation Information:
	File Path:	C:\Users\Owner\AppData\Roaming\Microsoft\Crypto\Keys\1e313dfb17707690d41bc1ce552b952a_9f2354ec-be3f-43e0-ab85-203e15b7d9a5
	Operation:	Delete key file.
	Return Code:	0x0"
"5/12/2026 7:11:59 PM","5059","Microsoft-Windows-Security-Auditing","Key migration operation.

Subject:
	Security ID:		S-1-5-21-3925228398-2959666068-2961939966-1000
	Account Name:		Owner
	Account Domain:		DESKTOP-5C8KQ21
	Logon ID:		0x48C83

Process Information:
	Process ID:		4364
	Process Creation Time:	?2026?-?05?-?13T00:11:58.275938200Z

Cryptographic Parameters:
	Provider Name:	Microsoft Software Key Storage Provider
	Algorithm Name:	ECDSA_P256
	Key Name:	ChromeMetricsTestKey
	Key Type:	User key.

Additional Information:
	Operation:	Export of persistent cryptographic key.
	Return Code:	0x0"
"5/12/2026 7:11:59 PM","5061","Microsoft-Windows-Security-Auditing","Cryptographic operation.

Subject:
	Security ID:		S-1-5-21-3925228398-2959666068-2961939966-1000
	Account Name:		Owner
	Account Domain:		DESKTOP-5C8KQ21
	Logon ID:		0x48C83

Cryptographic Parameters:
	Provider Name:	Microsoft Software Key Storage Provider
	Algorithm Name:	ECDSA_P256
	Key Name:	ChromeMetricsTestKey
	Key Type:	User key.

Cryptographic Operation:
	Operation:	Open Key.
	Return Code:	0x0"
"5/12/2026 7:11:59 PM","5058","Microsoft-Windows-Security-Auditing","Key file operation.

Subject:
	Security ID:		S-1-5-21-3925228398-2959666068-2961939966-1000
	Account Name:		Owner
	Account Domain:		DESKTOP-5C8KQ21
	Logon ID:		0x48C83

Process Information:
	Process ID:		4364
	Process Creation Time:	?2026?-?05?-?13T00:11:58.275938200Z

Cryptographic Parameters:
	Provider Name:	Microsoft Software Key Storage Provider
	Algorithm Name:	UNKNOWN
	Key Name:	ChromeMetricsTestKey
	Key Type:	User key.

Key File Operation Information:
	File Path:	C:\Users\Owner\AppData\Roaming\Microsoft\Crypto\Keys\1e313dfb17707690d41bc1ce552b952a_9f2354ec-be3f-43e0-ab85-203e15b7d9a5
	Operation:	Read persisted key from file.
	Return Code:	0x0"
"5/12/2026 7:11:59 PM","5059","Microsoft-Windows-Security-Auditing","Key migration operation.

Subject:
	Security ID:		S-1-5-21-3925228398-2959666068-2961939966-1000
	Account Name:		Owner
	Account Domain:		DESKTOP-5C8KQ21
	Logon ID:		0x48C83

Process Information:
	Process ID:		4364
	Process Creation Time:	?2026?-?05?-?13T00:11:58.275938200Z

Cryptographic Parameters:
	Provider Name:	Microsoft Software Key Storage Provider
	Algorithm Name:	ECDSA_P256
	Key Name:	ChromeMetricsTestKey
	Key Type:	User key.

Additional Information:
	Operation:	Export of persistent cryptographic key.
	Return Code:	0x0"
"5/12/2026 7:11:59 PM","5061","Microsoft-Windows-Security-Auditing","Cryptographic operation.

Subject:
	Security ID:		S-1-5-21-3925228398-2959666068-2961939966-1000
	Account Name:		Owner
	Account Domain:		DESKTOP-5C8KQ21
	Logon ID:		0x48C83

Cryptographic Parameters:
	Provider Name:	Microsoft Software Key Storage Provider
	Algorithm Name:	ECDSA_P256
	Key Name:	ChromeMetricsTestKey
	Key Type:	User key.

Cryptographic Operation:
	Operation:	Create Key.
	Return Code:	0x0"
